<?xml version="1.0" encoding="UTF-8"?>
<!-- Generated by org.testng.reporters.JUnitReportReporter -->
<testsuite hostname="Er-Kamil-Computer" name="TestScripts.PatientSnapshotNotes" tests="1" failures="0" timestamp="29 Mar 2020 19:39:56 GMT" time="45.486" errors="0">
  <testcase name="testpatientSnapshotNotes" time="45.486" classname="TestScripts.PatientSnapshotNotes"/>
</testsuite> <!-- TestScripts.PatientSnapshotNotes -->
