<?xml version="1.0" encoding="UTF-8"?>
<!-- Generated by org.testng.reporters.JUnitReportReporter -->
<testsuite skipped="0" hostname="Er-Kamil-Computer" name="TestScripts.ValidLogin" tests="1" failures="0" timestamp="23 Mar 2020 19:38:01 GMT" time="37.668" errors="0">
  <testcase name="testValidLogin" time="37.668" classname="TestScripts.ValidLogin"/>
</testsuite> <!-- TestScripts.ValidLogin -->
