<?xml version="1.0" encoding="UTF-8"?>
<!-- Generated by org.testng.reporters.JUnitReportReporter -->
<testsuite skipped="0" hostname="Er-Kamil-Computer" name="TestScripts.PatientSnapshotNotes" tests="1" failures="0" timestamp="29 Mar 2020 07:39:31 GMT" time="53.086" errors="0">
  <testcase name="testpatientSnapshotNotes" time="53.086" classname="TestScripts.PatientSnapshotNotes"/>
</testsuite> <!-- TestScripts.PatientSnapshotNotes -->
