<?xml version="1.0" encoding="UTF-8"?>
<!-- Generated by org.testng.reporters.JUnitReportReporter -->
<testsuite skipped="0" hostname="AsadK" name="TestScripts.PatientSnapshotNotes" tests="1" failures="0" timestamp="2020-03-11T13:17:10 IST" time="33.295" errors="0">
  <testcase name="testpatientSnapshotNotes" time="33.295" classname="TestScripts.PatientSnapshotNotes"/>
  <system-out/>
</testsuite> <!-- TestScripts.PatientSnapshotNotes -->
