<?xml version="1.0" encoding="UTF-8"?>
<!-- Generated by org.testng.reporters.JUnitReportReporter -->
<testsuite skipped="0" hostname="AsadK" name="TestScripts.ValidLogin" tests="1" failures="0" timestamp="2020-03-11T13:17:10 IST" time="16.910" errors="0">
  <testcase name="testValidLogin" time="16.910" classname="TestScripts.ValidLogin"/>
  <system-out/>
</testsuite> <!-- TestScripts.ValidLogin -->
